<?xml version="1.0" encoding="UTF-8"?>
<!-- Generated by org.testng.reporters.JUnitReportReporter -->
<testsuite hostname="ikopc" failures="0" tests="1" name="testCases.TC_002_LoginTest" time="0.767" errors="0" timestamp="2023-09-12T13:02:34 TRT" skipped="0">
  <testcase classname="testCases.TC_002_LoginTest" name="test_login" time="0.767"/>
</testsuite> <!-- testCases.TC_002_LoginTest -->
