<?xml version="1.0" encoding="UTF-8"?>
<!-- Generated by org.testng.reporters.JUnitReportReporter -->
<testsuite hostname="ikopc" failures="0" tests="1" name="testCases.TC_001_AccountRegistrationTest" time="0.999" errors="0" timestamp="2023-09-12T13:02:34 TRT" skipped="0">
  <testcase classname="testCases.TC_001_AccountRegistrationTest" name="test_account_Registration" time="0.999"/>
</testsuite> <!-- testCases.TC_001_AccountRegistrationTest -->
