<?xml version="1.0" encoding="UTF-8"?>
<!-- Generated by org.testng.reporters.JUnitReportReporter -->
<testsuite hostname="ikopc" failures="0" tests="1" name="testCases.TC_001_AccountRegistrationTest" time="1.230" errors="0" timestamp="2023-09-14T11:38:34 TRT" skipped="0">
  <testcase classname="testCases.TC_001_AccountRegistrationTest" name="test_account_Registration" time="1.230"/>
</testsuite> <!-- testCases.TC_001_AccountRegistrationTest -->
